<root>
  <mike age="35">
    <name>Michael</name> 
  </mike>
  <ksenia age="36">
    <name>Ksenia</name>
  </ksenia>
</root>