<root>
  <mike age="35">
    <name>Michael</name>
  </mike>
</root>